1768629755469:create a database
1768629764464:Create a database
1768629777459:Hello world
1768634593501:hello
1768634655755:CREATE DATABASE
1768634944416:CREATE DATABASE testdb
1768634971427:CREATE DATABASE TESTDB
1768635125637:CONNECT TO testdb
1768635142649:CREATE DATABASE testdb
1768635155647:CONNECT TO testdb
1768635178656:CREATE DATABASE testdb
1768635195656:CREATE DATABASE users
1768638014664:CREATE TABLE testdb users
1768638446289:CONNECT TO testdb
1768638611913:CREATE DATABASE users
1768638704550:CONNECT TO users
1768638720552:CREATE TABLE names
1768639340432:CONNECT TO users
1768639349440:CREATE TABLE users
1768639541808:CONNECT TO users
1768639554800:CREATE TABLE users
1768639904974:CONNECT TO users
1768639917982:CREATE TABLE users
1768640116571:CONNECT TO users
1768640125567:CREATE TABLE name
1768640220687:CONNECT TO users
1768640228684:CREATE TABLE names
1768640462728:CREATE DATABASE SCHOOLS
1768640485733:CONNECT TO SCHOOLS
1768640496735:CREATE TABLE SCHOOLS
1768650008794:CONNECT TO users
1768667833212:create-database mydb
1768667862208:use mydb
1768667878239:create-table users id:INT firstname:STRING lastname:STRING email:STRING
1768667909236:sql "INSERT INTO users VALUES (1, 'John', 'Doe', 'john@example.com')"
1768668738324:create-database mydb
1768668753325:use mydb
1768668770356:create-table users id:INT firstname:STRING lastname:STRING email:STRING
1768668789429:sql "INSERT INTO users VALUES (1, 'John', 'Doe', 'john@example.com')"
1768669132449:use mydb
1768669148476:sql "INSERT INTO users VALUES (1, 'John', 'Doe', 'john@example.com')"
1768669193481:create-table users id:INT firstname:STRING lastname:STRING email:STRING
1768669208484:sql "INSERT INTO users VALUES (1, 'John', 'Doe', 'john@example.com')"
